<?xml version="1.0" encoding="UTF-8"?>
<!-- Generated by org.testng.reporters.JUnitXMLReporter -->
<testsuite hostname="Vayuputhra" ignored="0" name="Test" tests="6" failures="0" timestamp="02 Apr 2017 17:43:29 GMT" time="2.692" errors="0">
  <testcase name="T01_StatusCodeTest" time="0.013" classname="MyCompany.GoogleApi.TestPackage.Example1Test"/>
  <testcase name="T02_SearchTermTest" time="0.138" classname="MyCompany.GoogleApi.TestPackage.Example1Test"/>
  <testcase name="T03_verifyOnlyFourVideosReturned" time="0.001" classname="MyCompany.GoogleApi.TestPackage.Example1Test"/>
  <testcase name="T01_StatusCodeTest" time="0.001" classname="MyCompany.GoogleApi.TestPackage.Example2Test"/>
  <testcase name="T02_SearchTermTest" time="0.482" classname="MyCompany.GoogleApi.TestPackage.Example2Test"/>
  <testcase name="T03_verifyOnlyFourVideosReturned" time="0.003" classname="MyCompany.GoogleApi.TestPackage.Example2Test"/>
</testsuite> <!-- Test -->
